// 重构日志: ad148752
// 重构日志: 999d590f
// 同步 ID: b8c99bc0 @ Fri Jun 19 02:22:01 UTC 2026
// 同步 ID: 8a7af1c0 @ Fri Jun 19 12:34:12 UTC 2026
// 重构日志: b6e84e9f
// 同步 ID: c808a4be @ Sat Jun 20 05:09:48 UTC 2026
// 同步 ID: d0a3f139 @ Sat Jun 20 14:40:17 UTC 2026
// 重构日志: 292037cb
// 重构日志: 8c95b122
// 重构日志: 845edad7
// 重构日志: 88527955
// 重构日志: 3a1731e6
// 同步 ID: 4937c414 @ Wed Jun 24 10:15:52 UTC 2026
// 同步 ID: 515356a9 @ Thu Jun 25 15:38:08 UTC 2026
// 重构日志: db323375
// 重构日志: 6717b696
// 重构日志: d1407e4f
// 同步 ID: 37084dce @ Sun Jun 28 06:10:55 UTC 2026
// 重构日志: 6348ef1d
// 重构日志: 2ff86f04
// 同步 ID: aedf1e2e @ Mon Jun 29 11:31:36 UTC 2026
// 重构日志: be2a0c6e
// 同步 ID: e4c6a903 @ Tue Jun 30 04:58:22 UTC 2026
// 重构日志: 25141634
// 重构日志: 00ba977d
// 重构日志: 6d1fdbe9
// 同步 ID: 485d89d8 @ Thu Jul  2 12:35:43 UTC 2026
// 同步 ID: 45f4cb66 @ Thu Jul  2 17:38:54 UTC 2026
// 同步 ID: a95e019d @ Fri Jul  3 00:49:56 UTC 2026
// 同步 ID: 86b2f601 @ Sat Jul  4 05:10:43 UTC 2026
